<?xml version="1.0" encoding="UTF-8"?>
<!-- Generated by org.testng.reporters.JUnitXMLReporter -->
<testsuite ignored="0" hostname="LAPTOP-8GM7S38Q" failures="1" tests="1" name="Test" time="28.924" errors="0" timestamp="2025-06-22T09:09:50 IST">
  <testcase classname="RedBus.test.E2EFlowNewWebsite" name="busTicketBookingTC" time="28.882">
    <failure type="org.openqa.selenium.ElementClickInterceptedException" message="element click intercepted: Element &amp;lt;label for=&amp;quot;0_201&amp;quot; class=&amp;quot;inputLabel___106417 &amp;quot;&amp;gt;...&amp;lt;/label&amp;gt; is not clickable at point (251, 424). Other element would receive the click: &amp;lt;input id=&amp;quot;0_201&amp;quot; type=&amp;quot;text&amp;quot; class=&amp;quot;inputField___42a54a   &amp;quot; name=&amp;quot;0_201&amp;quot; readonly=&amp;quot;&amp;quot; placeholder=&amp;quot;&amp;quot; autocomplete=&amp;quot;off&amp;quot; value=&amp;quot;&amp;quot;&amp;gt;
  (Session info: chrome=137.0.7151.120)
Build info: version: &amp;apos;4.30.0&amp;apos;, revision: &amp;apos;509c7f17cc*&amp;apos;
System info: os.name: &amp;apos;Windows 11&amp;apos;, os.arch: &amp;apos;amd64&amp;apos;, os.version: &amp;apos;10.0&amp;apos;, java.version: &amp;apos;17.0.6&amp;apos;
Driver info: org.openqa.selenium.chrome.ChromeDriver
Command: [9b94e90a1e7391f5e25da2c1eb580b26, clickElement {id=f.27A4E8011CE52384A91F59860B5C830E.d.34A9282AEA47154B7756E0CD7CFDA89F.e.445}]
Capabilities {acceptInsecureCerts: false, browserName: chrome, browserVersion: 137.0.7151.120, chrome: {chromedriverVersion: 137.0.7151.119 (e0ac9d12dff..., userDataDir: C:\Users\91956\AppData\Loca...}, fedcm:accounts: true, goog:chromeOptions: {debuggerAddress: localhost:56654}, networkConnectionEnabled: false, pageLoadStrategy: normal, platformName: windows, proxy: Proxy(), se:cdp: ws://localhost:56654/devtoo..., se:cdpVersion: 137.0.7151.120, setWindowRect: true, strictFileInteractability: false, timeouts: {implicit: 0, pageLoad: 300000, script: 30000}, unhandledPromptBehavior: dismiss and notify, webauthn:extension:credBlob: true, webauthn:extension:largeBlob: true, webauthn:extension:minPinLength: true, webauthn:extension:prf: true, webauthn:virtualAuthenticators: true}
Element: [[ChromeDriver: chrome on windows (9b94e90a1e7391f5e25da2c1eb580b26)] -&amp;gt; xpath: //label[text()=&amp;apos;State of Residence&amp;apos;]]
Session ID: 9b94e90a1e7391f5e25da2c1eb580b26">
      <![CDATA[org.openqa.selenium.ElementClickInterceptedException: element click intercepted: Element <label for="0_201" class="inputLabel___106417 ">...</label> is not clickable at point (251, 424). Other element would receive the click: <input id="0_201" type="text" class="inputField___42a54a   " name="0_201" readonly="" placeholder="" autocomplete="off" value="">
  (Session info: chrome=137.0.7151.120)
Build info: version: '4.30.0', revision: '509c7f17cc*'
System info: os.name: 'Windows 11', os.arch: 'amd64', os.version: '10.0', java.version: '17.0.6'
Driver info: org.openqa.selenium.chrome.ChromeDriver
Command: [9b94e90a1e7391f5e25da2c1eb580b26, clickElement {id=f.27A4E8011CE52384A91F59860B5C830E.d.34A9282AEA47154B7756E0CD7CFDA89F.e.445}]
Capabilities {acceptInsecureCerts: false, browserName: chrome, browserVersion: 137.0.7151.120, chrome: {chromedriverVersion: 137.0.7151.119 (e0ac9d12dff..., userDataDir: C:\Users\91956\AppData\Loca...}, fedcm:accounts: true, goog:chromeOptions: {debuggerAddress: localhost:56654}, networkConnectionEnabled: false, pageLoadStrategy: normal, platformName: windows, proxy: Proxy(), se:cdp: ws://localhost:56654/devtoo..., se:cdpVersion: 137.0.7151.120, setWindowRect: true, strictFileInteractability: false, timeouts: {implicit: 0, pageLoad: 300000, script: 30000}, unhandledPromptBehavior: dismiss and notify, webauthn:extension:credBlob: true, webauthn:extension:largeBlob: true, webauthn:extension:minPinLength: true, webauthn:extension:prf: true, webauthn:virtualAuthenticators: true}
Element: [[ChromeDriver: chrome on windows (9b94e90a1e7391f5e25da2c1eb580b26)] -> xpath: //label[text()='State of Residence']]
Session ID: 9b94e90a1e7391f5e25da2c1eb580b26
at org.openqa.selenium.remote.ErrorCodec.decode(ErrorCodec.java:167)
at org.openqa.selenium.remote.codec.w3c.W3CHttpResponseCodec.decode(W3CHttpResponseCodec.java:138)
at org.openqa.selenium.remote.codec.w3c.W3CHttpResponseCodec.decode(W3CHttpResponseCodec.java:50)
at org.openqa.selenium.remote.HttpCommandExecutor.execute(HttpCommandExecutor.java:215)
at org.openqa.selenium.remote.service.DriverCommandExecutor.invokeExecute(DriverCommandExecutor.java:216)
at org.openqa.selenium.remote.service.DriverCommandExecutor.execute(DriverCommandExecutor.java:174)
at org.openqa.selenium.remote.RemoteWebDriver.execute(RemoteWebDriver.java:545)
at org.openqa.selenium.remote.RemoteWebElement.execute(RemoteWebElement.java:223)
at org.openqa.selenium.remote.RemoteWebElement.click(RemoteWebElement.java:76)
at org.openqa.selenium.support.pagefactory.internal.LocatingElementHandler.invoke(LocatingElementHandler.java:51)
at jdk.proxy2/jdk.proxy2.$Proxy7.click(Unknown Source)
at redBus.pageObjects.busAndPassengerDetailsPage.enteringPassengerDetailsAction(busAndPassengerDetailsPage.java:80)
at RedBus.test.E2EFlowNewWebsite.busTicketBookingTC(E2EFlowNewWebsite.java:34)
at java.base/java.util.ArrayList.forEach(ArrayList.java:1511)
... Removed 40 stack frames]]>
    </failure>
  </testcase> <!-- busTicketBookingTC -->
</testsuite> <!-- Test -->
